<?xml version="1.0" encoding="UTF-8"?>
<!-- Generated by org.testng.reporters.JUnitXMLReporter -->
<testsuite ignored="0" hostname="DESKTOP-SCRB4UF" failures="0" tests="4" name="Test" time="0.178" errors="0" timestamp="2023-06-12T13:23:31 IST">
  <testcase classname="tests.RegressionTest1" name="testCase1" time="0.023"/>
  <testcase classname="tests.RegressionTest1" name="testCase2" time="0.017"/>
  <testcase classname="tests.SmokeTest1" name="testCase1" time="0.005"/>
  <testcase classname="tests.SmokeTest1" name="testCase2" time="0.003"/>
</testsuite> <!-- Test -->
