<?xml version="1.0" encoding="UTF-8"?>
<!-- Generated by org.testng.reporters.JUnitXMLReporter -->
<testsuite ignored="0" hostname="DESKTOP-SCRB4UF" failures="1" tests="4" name="Test" time="14.593" errors="0" timestamp="2023-06-13T01:14:13 IST">
  <testcase classname="tests.RegressionTest1" name="testCase1" time="6.336"/>
  <testcase classname="tests.RegressionTest1" name="testCase2" time="8.117">
    <failure type="java.lang.AssertionError" message="expected [Facebook – log in or sign upTTT] but found [Facebook – log in or sign up]">
      <![CDATA[java.lang.AssertionError: expected [Facebook – log in or sign upTTT] but found [Facebook – log in or sign up]
at tests.RegressionTest1.testCase2(RegressionTest1.java:37)
at java.base/java.util.ArrayList.forEach(ArrayList.java:1541)
... Removed 37 stack frames]]>
    </failure>
  </testcase> <!-- testCase2 -->
  <testcase classname="tests.SmokeTest1" name="testCase1" time="0.002"/>
  <testcase classname="tests.SmokeTest1" name="testCase2" time="0.001"/>
</testsuite> <!-- Test -->
