<?xml version="1.0" encoding="UTF-8"?>
<testng-results ignored="0" total="2" passed="2" failed="0" skipped="0">
  <reporter-output>
  </reporter-output>
  <suite started-at="2023-06-13T00:09:12 IST" name="Default suite" finished-at="2023-06-13T00:09:14 IST" duration-ms="2720">
    <groups>
    </groups>
    <test started-at="2023-06-13T00:09:12 IST" name="Default test" finished-at="2023-06-13T00:09:14 IST" duration-ms="2720">
      <class name="tests.RegressionTest1">
        <test-method signature="testCase1()[pri:0, instance:tests.RegressionTest1@250b236d]" started-at="2023-06-13T00:09:12 IST" name="testCase1" finished-at="2023-06-13T00:09:13 IST" duration-ms="1319" status="PASS">
          <reporter-output>
          </reporter-output>
        </test-method> <!-- testCase1 -->
        <test-method signature="testCase2()[pri:0, instance:tests.RegressionTest1@250b236d]" started-at="2023-06-13T00:09:13 IST" name="testCase2" finished-at="2023-06-13T00:09:14 IST" duration-ms="1289" status="PASS">
          <reporter-output>
          </reporter-output>
        </test-method> <!-- testCase2 -->
      </class> <!-- tests.RegressionTest1 -->
    </test> <!-- Default test -->
  </suite> <!-- Default suite -->
</testng-results>
